# JRE version: OpenJDK Runtime Environment (8.0_131-b11) (build 1.8.0_131-8u131-b11-2ubuntu1.17.04.3-b11)
# Java VM: OpenJDK 64-Bit Server VM (25.131-b11 mixed mode linux-amd64 compressed oops)
Heap:
 PSYoungGen      total 145920K, used 11253K [0x00000000f0580000, 0x00000000fae80000, 0x0000000100000000)
  eden space 134656K, 0% used [0x00000000f0580000,0x00000000f0580000,0x00000000f8900000)
  from space 11264K, 99% used [0x00000000f9880000,0x00000000fa37d5c8,0x00000000fa380000)
  to   space 8704K, 0% used [0x00000000fa600000,0x00000000fa600000,0x00000000fae80000)
 ParOldGen       total 36864K, used 36407K [0x00000000d1000000, 0x00000000d3400000, 0x00000000f0580000)
  object space 36864K, 98% used [0x00000000d1000000,0x00000000d338dfc0,0x00000000d3400000)
 Metaspace       used 27189K, capacity 28100K, committed 28288K, reserved 1075200K
  class space    used 3162K, capacity 3356K, committed 3456K, reserved 1048576K
GC Heap History (10 events):
Event: 3,879 GC heap after
Heap after GC invocations=7 (full 0):
 PSYoungGen      total 54784K, used 5624K [0x00000000f0580000, 0x00000000f7380000, 0x0000000100000000)
  eden space 49152K, 0% used [0x00000000f0580000,0x00000000f0580000,0x00000000f3580000)
  from space 5632K, 99% used [0x00000000f3580000,0x00000000f3afe250,0x00000000f3b00000)
  to   space 7168K, 0% used [0x00000000f6c80000,0x00000000f6c80000,0x00000000f7380000)
 ParOldGen       total 32768K, used 9200K [0x00000000d1000000, 0x00000000d3000000, 0x00000000f0580000)
  object space 32768K, 28% used [0x00000000d1000000,0x00000000d18fc128,0x00000000d3000000)
 Metaspace       used 16868K, capacity 17236K, committed 17536K, reserved 1064960K
  class space    used 2008K, capacity 2122K, committed 2176K, reserved 1048576K
}
Event: 4,612 GC heap before
{Heap before GC invocations=8 (full 0):
 PSYoungGen      total 54784K, used 54776K [0x00000000f0580000, 0x00000000f7380000, 0x0000000100000000)
  eden space 49152K, 100% used [0x00000000f0580000,0x00000000f3580000,0x00000000f3580000)
  from space 5632K, 99% used [0x00000000f3580000,0x00000000f3afe250,0x00000000f3b00000)
  to   space 7168K, 0% used [0x00000000f6c80000,0x00000000f6c80000,0x00000000f7380000)
 ParOldGen       total 32768K, used 9200K [0x00000000d1000000, 0x00000000d3000000, 0x00000000f0580000)
  object space 32768K, 28% used [0x00000000d1000000,0x00000000d18fc128,0x00000000d3000000)
 Metaspace       used 17610K, capacity 18086K, committed 18304K, reserved 1064960K
  class space    used 2047K, capacity 2167K, committed 2176K, reserved 1048576K
Event: 4,635 GC heap after
Heap after GC invocations=8 (full 0):
 PSYoungGen      total 104448K, used 7168K [0x00000000f0580000, 0x00000000f7580000, 0x0000000100000000)
  eden space 97280K, 0% used [0x00000000f0580000,0x00000000f0580000,0x00000000f6480000)
  from space 7168K, 100% used [0x00000000f6c80000,0x00000000f7380000,0x00000000f7380000)
  to   space 8192K, 0% used [0x00000000f6480000,0x00000000f6480000,0x00000000f6c80000)
 ParOldGen       total 32768K, used 9693K [0x00000000d1000000, 0x00000000d3000000, 0x00000000f0580000)
  object space 32768K, 29% used [0x00000000d1000000,0x00000000d1977780,0x00000000d3000000)
 Metaspace       used 17610K, capacity 18086K, committed 18304K, reserved 1064960K
  class space    used 2047K, capacity 2167K, committed 2176K, reserved 1048576K
}
Event: 5,159 GC heap before
{Heap before GC invocations=9 (full 0):
 PSYoungGen      total 104448K, used 28582K [0x00000000f0580000, 0x00000000f7580000, 0x0000000100000000)
  eden space 97280K, 22% used [0x00000000f0580000,0x00000000f1a69be8,0x00000000f6480000)
  from space 7168K, 100% used [0x00000000f6c80000,0x00000000f7380000,0x00000000f7380000)
  to   space 8192K, 0% used [0x00000000f6480000,0x00000000f6480000,0x00000000f6c80000)
 ParOldGen       total 32768K, used 9693K [0x00000000d1000000, 0x00000000d3000000, 0x00000000f0580000)
  object space 32768K, 29% used [0x00000000d1000000,0x00000000d1977780,0x00000000d3000000)
 Metaspace       used 20550K, capacity 21084K, committed 21296K, reserved 1069056K
  class space    used 2445K, capacity 2569K, committed 2688K, reserved 1048576K
Event: 5,173 GC heap after
Heap after GC invocations=9 (full 0):
 PSYoungGen      total 105472K, used 6675K [0x00000000f0580000, 0x00000000fae80000, 0x0000000100000000)
  eden space 97280K, 0% used [0x00000000f0580000,0x00000000f0580000,0x00000000f6480000)
  from space 8192K, 81% used [0x00000000f6480000,0x00000000f6b04e38,0x00000000f6c80000)
  to   space 8704K, 0% used [0x00000000fa600000,0x00000000fa600000,0x00000000fae80000)
 ParOldGen       total 32768K, used 11455K [0x00000000d1000000, 0x00000000d3000000, 0x00000000f0580000)
  object space 32768K, 34% used [0x00000000d1000000,0x00000000d1b2ffc0,0x00000000d3000000)
 Metaspace       used 20550K, capacity 21084K, committed 21296K, reserved 1069056K
  class space    used 2445K, capacity 2569K, committed 2688K, reserved 1048576K
}
Event: 5,173 GC heap before
{Heap before GC invocations=10 (full 1):
 PSYoungGen      total 105472K, used 6675K [0x00000000f0580000, 0x00000000fae80000, 0x0000000100000000)
  eden space 97280K, 0% used [0x00000000f0580000,0x00000000f0580000,0x00000000f6480000)
  from space 8192K, 81% used [0x00000000f6480000,0x00000000f6b04e38,0x00000000f6c80000)
  to   space 8704K, 0% used [0x00000000fa600000,0x00000000fa600000,0x00000000fae80000)
 ParOldGen       total 32768K, used 11455K [0x00000000d1000000, 0x00000000d3000000, 0x00000000f0580000)
  object space 32768K, 34% used [0x00000000d1000000,0x00000000d1b2ffc0,0x00000000d3000000)
 Metaspace       used 20550K, capacity 21084K, committed 21296K, reserved 1069056K
  class space    used 2445K, capacity 2569K, committed 2688K, reserved 1048576K
Event: 5,242 GC heap after
Heap after GC invocations=10 (full 1):
 PSYoungGen      total 105472K, used 0K [0x00000000f0580000, 0x00000000fae80000, 0x0000000100000000)
  eden space 97280K, 0% used [0x00000000f0580000,0x00000000f0580000,0x00000000f6480000)
  from space 8192K, 0% used [0x00000000f6480000,0x00000000f6480000,0x00000000f6c80000)
  to   space 8704K, 0% used [0x00000000fa600000,0x00000000fa600000,0x00000000fae80000)
 ParOldGen       total 33280K, used 12885K [0x00000000d1000000, 0x00000000d3080000, 0x00000000f0580000)
  object space 33280K, 38% used [0x00000000d1000000,0x00000000d1c95638,0x00000000d3080000)
 Metaspace       used 20550K, capacity 21084K, committed 21296K, reserved 1069056K
  class space    used 2445K, capacity 2569K, committed 2688K, reserved 1048576K
}
Event: 6,894 GC heap before
{Heap before GC invocations=11 (full 1):
 PSYoungGen      total 105472K, used 97280K [0x00000000f0580000, 0x00000000fae80000, 0x0000000100000000)
  eden space 97280K, 100% used [0x00000000f0580000,0x00000000f6480000,0x00000000f6480000)
  from space 8192K, 0% used [0x00000000f6480000,0x00000000f6480000,0x00000000f6c80000)
  to   space 8704K, 0% used [0x00000000fa600000,0x00000000fa600000,0x00000000fae80000)
 ParOldGen       total 33280K, used 12885K [0x00000000d1000000, 0x00000000d3080000, 0x00000000f0580000)
  object space 33280K, 38% used [0x00000000d1000000,0x00000000d1c95638,0x00000000d3080000)
 Metaspace       used 24376K, capacity 25124K, committed 25344K, reserved 1071104K
  class space    used 2844K, capacity 3040K, committed 3072K, reserved 1048576K
Event: 6,922 GC heap after
Heap after GC invocations=11 (full 1):
 PSYoungGen      total 143360K, used 8685K [0x00000000f0580000, 0x00000000fae80000, 0x0000000100000000)
  eden space 134656K, 0% used [0x00000000f0580000,0x00000000f0580000,0x00000000f8900000)
  from space 8704K, 99% used [0x00000000fa600000,0x00000000fae7b5a8,0x00000000fae80000)
  to   space 11264K, 0% used [0x00000000f9880000,0x00000000f9880000,0x00000000fa380000)
 ParOldGen       total 33280K, used 16022K [0x00000000d1000000, 0x00000000d3080000, 0x00000000f0580000)
  object space 33280K, 48% used [0x00000000d1000000,0x00000000d1fa5aa8,0x00000000d3080000)
 Metaspace       used 24376K, capacity 25124K, committed 25344K, reserved 1071104K
  class space    used 2844K, capacity 3040K, committed 3072K, reserved 1048576K
}
Event: 11,627 GC heap before
{Heap before GC invocations=12 (full 1):
 PSYoungGen      total 143360K, used 143341K [0x00000000f0580000, 0x00000000fae80000, 0x0000000100000000)
  eden space 134656K, 100% used [0x00000000f0580000,0x00000000f8900000,0x00000000f8900000)
  from space 8704K, 99% used [0x00000000fa600000,0x00000000fae7b5a8,0x00000000fae80000)
  to   space 11264K, 0% used [0x00000000f9880000,0x00000000f9880000,0x00000000fa380000)
 ParOldGen       total 33280K, used 16022K [0x00000000d1000000, 0x00000000d3080000, 0x00000000f0580000)
  object space 33280K, 48% used [0x00000000d1000000,0x00000000d1fa5aa8,0x00000000d3080000)
 Metaspace       used 27189K, capacity 28100K, committed 28288K, reserved 1075200K
  class space    used 3162K, capacity 3356K, committed 3456K, reserved 1048576K

