# JRE version: OpenJDK Runtime Environment (8.0_131-b11) (build 1.8.0_131-8u131-b11-2ubuntu1.17.04.3-b11)
# Java VM: OpenJDK 64-Bit Server VM (25.131-b11 mixed mode linux-amd64 compressed oops)
Heap:
 PSYoungGen      total 144896K, used 23037K [0x00000000f0580000, 0x00000000fac80000, 0x0000000100000000)
  eden space 121856K, 0% used [0x00000000f0580000,0x00000000f0580000,0x00000000f7c80000)
  from space 23040K, 99% used [0x00000000f7c80000,0x00000000f92ff4f8,0x00000000f9300000)
  to   space 17920K, 0% used [0x00000000f9300000,0x00000000f9300000,0x00000000fa480000)
 ParOldGen       total 69632K, used 44452K [0x00000000d1000000, 0x00000000d5400000, 0x00000000f0580000)
  object space 69632K, 63% used [0x00000000d1000000,0x00000000d3b692a0,0x00000000d5400000)
 Metaspace       used 27143K, capacity 28068K, committed 28160K, reserved 1075200K
  class space    used 3158K, capacity 3324K, committed 3328K, reserved 1048576K
GC Heap History (10 events):
Event: 7,663 GC heap after
Heap after GC invocations=12 (full 1):
 PSYoungGen      total 83968K, used 6655K [0x00000000f0580000, 0x00000000f7900000, 0x0000000100000000)
  eden space 77312K, 0% used [0x00000000f0580000,0x00000000f0580000,0x00000000f5100000)
  from space 6656K, 99% used [0x00000000f5100000,0x00000000f577fc10,0x00000000f5780000)
  to   space 8704K, 0% used [0x00000000f7080000,0x00000000f7080000,0x00000000f7900000)
 ParOldGen       total 33280K, used 14937K [0x00000000d1000000, 0x00000000d3080000, 0x00000000f0580000)
  object space 33280K, 44% used [0x00000000d1000000,0x00000000d1e96680,0x00000000d3080000)
 Metaspace       used 23399K, capacity 24054K, committed 24192K, reserved 1071104K
  class space    used 2708K, capacity 2830K, committed 2944K, reserved 1048576K
}
Event: 12,596 GC heap before
{Heap before GC invocations=13 (full 1):
 PSYoungGen      total 83968K, used 83967K [0x00000000f0580000, 0x00000000f7900000, 0x0000000100000000)
  eden space 77312K, 100% used [0x00000000f0580000,0x00000000f5100000,0x00000000f5100000)
  from space 6656K, 99% used [0x00000000f5100000,0x00000000f577fc10,0x00000000f5780000)
  to   space 8704K, 0% used [0x00000000f7080000,0x00000000f7080000,0x00000000f7900000)
 ParOldGen       total 33280K, used 14937K [0x00000000d1000000, 0x00000000d3080000, 0x00000000f0580000)
  object space 33280K, 44% used [0x00000000d1000000,0x00000000d1e96680,0x00000000d3080000)
 Metaspace       used 27137K, capacity 28068K, committed 28160K, reserved 1075200K
  class space    used 3158K, capacity 3324K, committed 3328K, reserved 1048576K
Event: 12,641 GC heap after
Heap after GC invocations=13 (full 1):
 PSYoungGen      total 105984K, used 8698K [0x00000000f0580000, 0x00000000f7e80000, 0x0000000100000000)
  eden space 97280K, 0% used [0x00000000f0580000,0x00000000f0580000,0x00000000f6480000)
  from space 8704K, 99% used [0x00000000f7080000,0x00000000f78feaa0,0x00000000f7900000)
  to   space 12288K, 0% used [0x00000000f6480000,0x00000000f6480000,0x00000000f7080000)
 ParOldGen       total 33280K, used 21786K [0x00000000d1000000, 0x00000000d3080000, 0x00000000f0580000)
  object space 33280K, 65% used [0x00000000d1000000,0x00000000d2546948,0x00000000d3080000)
 Metaspace       used 27137K, capacity 28068K, committed 28160K, reserved 1075200K
  class space    used 3158K, capacity 3324K, committed 3328K, reserved 1048576K
}
Event: 13,510 GC heap before
{Heap before GC invocations=14 (full 1):
 PSYoungGen      total 105984K, used 105978K [0x00000000f0580000, 0x00000000f7e80000, 0x0000000100000000)
  eden space 97280K, 100% used [0x00000000f0580000,0x00000000f6480000,0x00000000f6480000)
  from space 8704K, 99% used [0x00000000f7080000,0x00000000f78feaa0,0x00000000f7900000)
  to   space 12288K, 0% used [0x00000000f6480000,0x00000000f6480000,0x00000000f7080000)
 ParOldGen       total 33280K, used 21786K [0x00000000d1000000, 0x00000000d3080000, 0x00000000f0580000)
  object space 33280K, 65% used [0x00000000d1000000,0x00000000d2546948,0x00000000d3080000)
 Metaspace       used 27143K, capacity 28068K, committed 28160K, reserved 1075200K
  class space    used 3158K, capacity 3324K, committed 3328K, reserved 1048576K
Event: 13,535 GC heap after
Heap after GC invocations=14 (full 1):
 PSYoungGen      total 109568K, used 12276K [0x00000000f0580000, 0x00000000fa480000, 0x0000000100000000)
  eden space 97280K, 0% used [0x00000000f0580000,0x00000000f0580000,0x00000000f6480000)
  from space 12288K, 99% used [0x00000000f6480000,0x00000000f707d390,0x00000000f7080000)
  to   space 17920K, 0% used [0x00000000f9300000,0x00000000f9300000,0x00000000fa480000)
 ParOldGen       total 33280K, used 31618K [0x00000000d1000000, 0x00000000d3080000, 0x00000000f0580000)
  object space 33280K, 95% used [0x00000000d1000000,0x00000000d2ee09b8,0x00000000d3080000)
 Metaspace       used 27143K, capacity 28068K, committed 28160K, reserved 1075200K
  class space    used 3158K, capacity 3324K, committed 3328K, reserved 1048576K
}
Event: 13,536 GC heap before
{Heap before GC invocations=15 (full 2):
 PSYoungGen      total 109568K, used 12276K [0x00000000f0580000, 0x00000000fa480000, 0x0000000100000000)
  eden space 97280K, 0% used [0x00000000f0580000,0x00000000f0580000,0x00000000f6480000)
  from space 12288K, 99% used [0x00000000f6480000,0x00000000f707d390,0x00000000f7080000)
  to   space 17920K, 0% used [0x00000000f9300000,0x00000000f9300000,0x00000000fa480000)
 ParOldGen       total 33280K, used 31618K [0x00000000d1000000, 0x00000000d3080000, 0x00000000f0580000)
  object space 33280K, 95% used [0x00000000d1000000,0x00000000d2ee09b8,0x00000000d3080000)
 Metaspace       used 27143K, capacity 28068K, committed 28160K, reserved 1075200K
  class space    used 3158K, capacity 3324K, committed 3328K, reserved 1048576K
Event: 13,743 GC heap after
Heap after GC invocations=15 (full 2):
 PSYoungGen      total 109568K, used 4319K [0x00000000f0580000, 0x00000000fa480000, 0x0000000100000000)
  eden space 97280K, 0% used [0x00000000f0580000,0x00000000f0580000,0x00000000f6480000)
  from space 12288K, 35% used [0x00000000f6480000,0x00000000f68b7c48,0x00000000f7080000)
  to   space 17920K, 0% used [0x00000000f9300000,0x00000000f9300000,0x00000000fa480000)
 ParOldGen       total 69632K, used 33125K [0x00000000d1000000, 0x00000000d5400000, 0x00000000f0580000)
  object space 69632K, 47% used [0x00000000d1000000,0x00000000d3059628,0x00000000d5400000)
 Metaspace       used 27143K, capacity 28068K, committed 28160K, reserved 1075200K
  class space    used 3158K, capacity 3324K, committed 3328K, reserved 1048576K
}
Event: 14,628 GC heap before
{Heap before GC invocations=16 (full 2):
 PSYoungGen      total 109568K, used 101599K [0x00000000f0580000, 0x00000000fa480000, 0x0000000100000000)
  eden space 97280K, 100% used [0x00000000f0580000,0x00000000f6480000,0x00000000f6480000)
  from space 12288K, 35% used [0x00000000f6480000,0x00000000f68b7c48,0x00000000f7080000)
  to   space 17920K, 0% used [0x00000000f9300000,0x00000000f9300000,0x00000000fa480000)
 ParOldGen       total 69632K, used 33125K [0x00000000d1000000, 0x00000000d5400000, 0x00000000f0580000)
  object space 69632K, 47% used [0x00000000d1000000,0x00000000d3059628,0x00000000d5400000)
 Metaspace       used 27143K, capacity 28068K, committed 28160K, reserved 1075200K
  class space    used 3158K, capacity 3324K, committed 3328K, reserved 1048576K
Event: 14,656 GC heap after
Heap after GC invocations=16 (full 2):
 PSYoungGen      total 139776K, used 17904K [0x00000000f0580000, 0x00000000fac80000, 0x0000000100000000)
  eden space 121856K, 0% used [0x00000000f0580000,0x00000000f0580000,0x00000000f7c80000)
  from space 17920K, 99% used [0x00000000f9300000,0x00000000fa47c2a0,0x00000000fa480000)
  to   space 23040K, 0% used [0x00000000f7c80000,0x00000000f7c80000,0x00000000f9300000)
 ParOldGen       total 69632K, used 39100K [0x00000000d1000000, 0x00000000d5400000, 0x00000000f0580000)
  object space 69632K, 56% used [0x00000000d1000000,0x00000000d362f310,0x00000000d5400000)
 Metaspace       used 27143K, capacity 28068K, committed 28160K, reserved 1075200K
  class space    used 3158K, capacity 3324K, committed 3328K, reserved 1048576K
}
Event: 15,952 GC heap before
{Heap before GC invocations=17 (full 2):
 PSYoungGen      total 139776K, used 139760K [0x00000000f0580000, 0x00000000fac80000, 0x0000000100000000)
  eden space 121856K, 100% used [0x00000000f0580000,0x00000000f7c80000,0x00000000f7c80000)
  from space 17920K, 99% used [0x00000000f9300000,0x00000000fa47c2a0,0x00000000fa480000)
  to   space 23040K, 0% used [0x00000000f7c80000,0x00000000f7c80000,0x00000000f9300000)
 ParOldGen       total 69632K, used 39100K [0x00000000d1000000, 0x00000000d5400000, 0x00000000f0580000)
  object space 69632K, 56% used [0x00000000d1000000,0x00000000d362f310,0x00000000d5400000)
 Metaspace       used 27143K, capacity 28068K, committed 28160K, reserved 1075200K
  class space    used 3158K, capacity 3324K, committed 3328K, reserved 1048576K

