# JRE version: OpenJDK Runtime Environment (8.0_131-b11) (build 1.8.0_131-8u131-b11-2ubuntu1.17.04.3-b11)
# Java VM: OpenJDK 64-Bit Server VM (25.131-b11 mixed mode linux-amd64 compressed oops)
Heap:
 PSYoungGen      total 141824K, used 11263K [0x00000000f0580000, 0x00000000fae00000, 0x0000000100000000)
  eden space 130560K, 0% used [0x00000000f0580000,0x00000000f0580000,0x00000000f8500000)
  from space 11264K, 99% used [0x00000000f9800000,0x00000000fa2ffea8,0x00000000fa300000)
  to   space 8704K, 0% used [0x00000000fa580000,0x00000000fa580000,0x00000000fae00000)
 ParOldGen       total 35840K, used 35604K [0x00000000d1000000, 0x00000000d3300000, 0x00000000f0580000)
  object space 35840K, 99% used [0x00000000d1000000,0x00000000d32c50f0,0x00000000d3300000)
 Metaspace       used 27004K, capacity 27908K, committed 28032K, reserved 1073152K
  class space    used 3162K, capacity 3356K, committed 3456K, reserved 1048576K
GC Heap History (10 events):
Event: 4,654 GC heap after
Heap after GC invocations=7 (full 0):
 PSYoungGen      total 54784K, used 5626K [0x00000000f0580000, 0x00000000f7380000, 0x0000000100000000)
  eden space 49152K, 0% used [0x00000000f0580000,0x00000000f0580000,0x00000000f3580000)
  from space 5632K, 99% used [0x00000000f3580000,0x00000000f3afe820,0x00000000f3b00000)
  to   space 7168K, 0% used [0x00000000f6c80000,0x00000000f6c80000,0x00000000f7380000)
 ParOldGen       total 32768K, used 9263K [0x00000000d1000000, 0x00000000d3000000, 0x00000000f0580000)
  object space 32768K, 28% used [0x00000000d1000000,0x00000000d190bff8,0x00000000d3000000)
 Metaspace       used 16907K, capacity 17294K, committed 17536K, reserved 1064960K
  class space    used 2009K, capacity 2121K, committed 2176K, reserved 1048576K
}
Event: 5,412 GC heap before
{Heap before GC invocations=8 (full 0):
 PSYoungGen      total 54784K, used 54778K [0x00000000f0580000, 0x00000000f7380000, 0x0000000100000000)
  eden space 49152K, 100% used [0x00000000f0580000,0x00000000f3580000,0x00000000f3580000)
  from space 5632K, 99% used [0x00000000f3580000,0x00000000f3afe820,0x00000000f3b00000)
  to   space 7168K, 0% used [0x00000000f6c80000,0x00000000f6c80000,0x00000000f7380000)
 ParOldGen       total 32768K, used 9263K [0x00000000d1000000, 0x00000000d3000000, 0x00000000f0580000)
  object space 32768K, 28% used [0x00000000d1000000,0x00000000d190bff8,0x00000000d3000000)
 Metaspace       used 17669K, capacity 18156K, committed 18304K, reserved 1064960K
  class space    used 2052K, capacity 2170K, committed 2176K, reserved 1048576K
Event: 5,427 GC heap after
Heap after GC invocations=8 (full 0):
 PSYoungGen      total 103936K, used 7153K [0x00000000f0580000, 0x00000000f7680000, 0x0000000100000000)
  eden space 96768K, 0% used [0x00000000f0580000,0x00000000f0580000,0x00000000f6400000)
  from space 7168K, 99% used [0x00000000f6c80000,0x00000000f737c688,0x00000000f7380000)
  to   space 8704K, 0% used [0x00000000f6400000,0x00000000f6400000,0x00000000f6c80000)
 ParOldGen       total 32768K, used 10011K [0x00000000d1000000, 0x00000000d3000000, 0x00000000f0580000)
  object space 32768K, 30% used [0x00000000d1000000,0x00000000d19c6d98,0x00000000d3000000)
 Metaspace       used 17669K, capacity 18156K, committed 18304K, reserved 1064960K
  class space    used 2052K, capacity 2170K, committed 2176K, reserved 1048576K
}
Event: 5,972 GC heap before
{Heap before GC invocations=9 (full 0):
 PSYoungGen      total 103936K, used 25150K [0x00000000f0580000, 0x00000000f7680000, 0x0000000100000000)
  eden space 96768K, 18% used [0x00000000f0580000,0x00000000f1713460,0x00000000f6400000)
  from space 7168K, 99% used [0x00000000f6c80000,0x00000000f737c688,0x00000000f7380000)
  to   space 8704K, 0% used [0x00000000f6400000,0x00000000f6400000,0x00000000f6c80000)
 ParOldGen       total 32768K, used 10011K [0x00000000d1000000, 0x00000000d3000000, 0x00000000f0580000)
  object space 32768K, 30% used [0x00000000d1000000,0x00000000d19c6d98,0x00000000d3000000)
 Metaspace       used 20502K, capacity 21084K, committed 21296K, reserved 1069056K
  class space    used 2446K, capacity 2569K, committed 2688K, reserved 1048576K
Event: 6,003 GC heap after
Heap after GC invocations=9 (full 0):
 PSYoungGen      total 105472K, used 6301K [0x00000000f0580000, 0x00000000fae00000, 0x0000000100000000)
  eden space 96768K, 0% used [0x00000000f0580000,0x00000000f0580000,0x00000000f6400000)
  from space 8704K, 72% used [0x00000000f6400000,0x00000000f6a27750,0x00000000f6c80000)
  to   space 8704K, 0% used [0x00000000fa580000,0x00000000fa580000,0x00000000fae00000)
 ParOldGen       total 32768K, used 11925K [0x00000000d1000000, 0x00000000d3000000, 0x00000000f0580000)
  object space 32768K, 36% used [0x00000000d1000000,0x00000000d1ba55d8,0x00000000d3000000)
 Metaspace       used 20502K, capacity 21084K, committed 21296K, reserved 1069056K
  class space    used 2446K, capacity 2569K, committed 2688K, reserved 1048576K
}
Event: 6,003 GC heap before
{Heap before GC invocations=10 (full 1):
 PSYoungGen      total 105472K, used 6301K [0x00000000f0580000, 0x00000000fae00000, 0x0000000100000000)
  eden space 96768K, 0% used [0x00000000f0580000,0x00000000f0580000,0x00000000f6400000)
  from space 8704K, 72% used [0x00000000f6400000,0x00000000f6a27750,0x00000000f6c80000)
  to   space 8704K, 0% used [0x00000000fa580000,0x00000000fa580000,0x00000000fae00000)
 ParOldGen       total 32768K, used 11925K [0x00000000d1000000, 0x00000000d3000000, 0x00000000f0580000)
  object space 32768K, 36% used [0x00000000d1000000,0x00000000d1ba55d8,0x00000000d3000000)
 Metaspace       used 20502K, capacity 21084K, committed 21296K, reserved 1069056K
  class space    used 2446K, capacity 2569K, committed 2688K, reserved 1048576K
Event: 6,109 GC heap after
Heap after GC invocations=10 (full 1):
 PSYoungGen      total 105472K, used 0K [0x00000000f0580000, 0x00000000fae00000, 0x0000000100000000)
  eden space 96768K, 0% used [0x00000000f0580000,0x00000000f0580000,0x00000000f6400000)
  from space 8704K, 0% used [0x00000000f6400000,0x00000000f6400000,0x00000000f6c80000)
  to   space 8704K, 0% used [0x00000000fa580000,0x00000000fa580000,0x00000000fae00000)
 ParOldGen       total 33280K, used 12520K [0x00000000d1000000, 0x00000000d3080000, 0x00000000f0580000)
  object space 33280K, 37% used [0x00000000d1000000,0x00000000d1c3a158,0x00000000d3080000)
 Metaspace       used 20502K, capacity 21084K, committed 21296K, reserved 1069056K
  class space    used 2446K, capacity 2569K, committed 2688K, reserved 1048576K
}
Event: 7,821 GC heap before
{Heap before GC invocations=11 (full 1):
 PSYoungGen      total 105472K, used 96768K [0x00000000f0580000, 0x00000000fae00000, 0x0000000100000000)
  eden space 96768K, 100% used [0x00000000f0580000,0x00000000f6400000,0x00000000f6400000)
  from space 8704K, 0% used [0x00000000f6400000,0x00000000f6400000,0x00000000f6c80000)
  to   space 8704K, 0% used [0x00000000fa580000,0x00000000fa580000,0x00000000fae00000)
 ParOldGen       total 33280K, used 12520K [0x00000000d1000000, 0x00000000d3080000, 0x00000000f0580000)
  object space 33280K, 37% used [0x00000000d1000000,0x00000000d1c3a158,0x00000000d3080000)
 Metaspace       used 24192K, capacity 24936K, committed 25088K, reserved 1071104K
  class space    used 2850K, capacity 3040K, committed 3072K, reserved 1048576K
Event: 7,845 GC heap after
Heap after GC invocations=11 (full 1):
 PSYoungGen      total 139264K, used 8672K [0x00000000f0580000, 0x00000000fae00000, 0x0000000100000000)
  eden space 130560K, 0% used [0x00000000f0580000,0x00000000f0580000,0x00000000f8500000)
  from space 8704K, 99% used [0x00000000fa580000,0x00000000fadf8088,0x00000000fae00000)
  to   space 11264K, 0% used [0x00000000f9800000,0x00000000f9800000,0x00000000fa300000)
 ParOldGen       total 33280K, used 15568K [0x00000000d1000000, 0x00000000d3080000, 0x00000000f0580000)
  object space 33280K, 46% used [0x00000000d1000000,0x00000000d1f343b8,0x00000000d3080000)
 Metaspace       used 24192K, capacity 24936K, committed 25088K, reserved 1071104K
  class space    used 2850K, capacity 3040K, committed 3072K, reserved 1048576K
}
Event: 12,613 GC heap before
{Heap before GC invocations=12 (full 1):
 PSYoungGen      total 139264K, used 139232K [0x00000000f0580000, 0x00000000fae00000, 0x0000000100000000)
  eden space 130560K, 100% used [0x00000000f0580000,0x00000000f8500000,0x00000000f8500000)
  from space 8704K, 99% used [0x00000000fa580000,0x00000000fadf8088,0x00000000fae00000)
  to   space 11264K, 0% used [0x00000000f9800000,0x00000000f9800000,0x00000000fa300000)
 ParOldGen       total 33280K, used 15568K [0x00000000d1000000, 0x00000000d3080000, 0x00000000f0580000)
  object space 33280K, 46% used [0x00000000d1000000,0x00000000d1f343b8,0x00000000d3080000)
 Metaspace       used 27004K, capacity 27908K, committed 28032K, reserved 1073152K
  class space    used 3162K, capacity 3356K, committed 3456K, reserved 1048576K

